camerapostalgo/interface/java/build/outputs/logs/manifest-merger-debug-report.txt
-- Merging decision tree log ---
manifest
ADDED from interface/java/AndroidManifest.xml:1:1-3:12
INJECTED from interface/java/AndroidManifest.xml:1:1-3:12
INJECTED from interface/java/AndroidManifest.xml:1:1-3:12
INJECTED from interface/java/AndroidManifest.xml:1:1-3:12
INJECTED from interface/java/AndroidManifest.xml:1:1-3:12
INJECTED from interface/java/AndroidManifest.xml:1:1-3:12
INJECTED from interface/java/AndroidManifest.xml:1:1-3:12
	package
		ADDED from interface/java/AndroidManifest.xml:1:11-45
		INJECTED from interface/java/AndroidManifest.xml
		INJECTED from interface/java/AndroidManifest.xml
	android:versionName
		INJECTED from interface/java/AndroidManifest.xml
		ADDED from interface/java/AndroidManifest.xml:1:1-3:12
		INJECTED from interface/java/AndroidManifest.xml
	xmlns:android
		ADDED from interface/java/AndroidManifest.xml:1:1-3:12
	android:versionCode
		INJECTED from interface/java/AndroidManifest.xml
		ADDED from interface/java/AndroidManifest.xml:1:1-3:12
		INJECTED from interface/java/AndroidManifest.xml
application
ADDED from interface/java/AndroidManifest.xml:2:5-20
uses-sdk
INJECTED from interface/java/AndroidManifest.xml reason: use-sdk injection requested
INJECTED from interface/java/AndroidManifest.xml
INJECTED from interface/java/AndroidManifest.xml
INJECTED from interface/java/AndroidManifest.xml
INJECTED from interface/java/AndroidManifest.xml
	android:targetSdkVersion
		INJECTED from interface/java/AndroidManifest.xml
		ADDED from interface/java/AndroidManifest.xml
		INJECTED from interface/java/AndroidManifest.xml
	android:minSdkVersion
		INJECTED from interface/java/AndroidManifest.xml
		ADDED from interface/java/AndroidManifest.xml
		INJECTED from interface/java/AndroidManifest.xml